digia-ui/build/intermediates/manifest_merge_blame_file/debug/processDebugManifest/manifest-merger-blame-debug-report.txt
1<?xml version="1.0" encoding="utf-8"?>
2<manifest xmlns:android="http://schemas.android.com/apk/res/android"
3    xmlns:tools="http://schemas.android.com/tools"
4    package="com.digia.digiaui" >
5
6    <uses-sdk android:minSdkVersion="24" />
7
8    <application
8-->src/main/AndroidManifest.xml:5:5-24:19
9        android:allowBackup="true"
9-->src/main/AndroidManifest.xml:6:9-35
10        android:dataExtractionRules="@xml/data_extraction_rules"
10-->src/main/AndroidManifest.xml:7:9-65
11        android:fullBackupContent="@xml/backup_rules"
11-->src/main/AndroidManifest.xml:8:9-54
12        android:icon="@mipmap/ic_launcher"
12-->src/main/AndroidManifest.xml:9:9-43
13        android:label="@string/app_name"
13-->src/main/AndroidManifest.xml:10:9-41
14        android:roundIcon="@mipmap/ic_launcher_round"
14-->src/main/AndroidManifest.xml:11:9-54
15        android:supportsRtl="true"
15-->src/main/AndroidManifest.xml:12:9-35
16        tools:targetApi="31" >
16-->src/main/AndroidManifest.xml:13:9-29
17        <activity
17-->src/main/AndroidManifest.xml:14:9-23:20
18            android:name="com.digia.digiaui.MainActivity"
18-->src/main/AndroidManifest.xml:15:13-41
19            android:exported="true" >
19-->src/main/AndroidManifest.xml:16:13-36
20            <intent-filter>
20-->src/main/AndroidManifest.xml:18:13-22:29
21                <action android:name="android.intent.action.MAIN" />
21-->src/main/AndroidManifest.xml:19:17-69
21-->src/main/AndroidManifest.xml:19:25-66
22
23                <category android:name="android.intent.category.LAUNCHER" />
23-->src/main/AndroidManifest.xml:21:17-77
23-->src/main/AndroidManifest.xml:21:27-74
24            </intent-filter>
25        </activity>
26    </application>
27
28</manifest>